[2022-05-03 07:29:06.080] [sharedprocess] [info] Starting worker process with pid 21443 (type: fileWatcher, window: 1).
[2022-05-03 07:29:09.045] [sharedprocess] [info] Getting Manifest... ms-vscode.js-debug-companion
[2022-05-03 07:29:09.048] [sharedprocess] [info] Getting Manifest... ms-vscode.references-view
[2022-05-03 07:29:10.930] [sharedprocess] [info] Installing extension: ms-vscode.references-view
[2022-05-03 07:29:10.942] [sharedprocess] [info] Installing extension: ms-vscode.js-debug-companion
[2022-05-03 07:29:12.730] [sharedprocess] [info] Downloaded extension: ms-vscode.references-view /home/pablo/.config/Code - OSS/CachedExtensionVSIXs/ms-vscode.references-view-0.0.89
[2022-05-03 07:29:12.815] [sharedprocess] [info] Extracted extension to /home/pablo/.vscode-oss/extensions/.dff2133e-3ad4-4cb5-a7b2-1968f6a8a3b6: ms-vscode.references-view
[2022-05-03 07:29:12.855] [sharedprocess] [info] Downloaded extension: ms-vscode.js-debug-companion /home/pablo/.config/Code - OSS/CachedExtensionVSIXs/ms-vscode.js-debug-companion-1.0.18
[2022-05-03 07:29:12.879] [sharedprocess] [info] Extracted extension to /home/pablo/.vscode-oss/extensions/.926417d4-0d48-4c95-b8da-e5f788e68ac8: ms-vscode.js-debug-companion
[2022-05-03 07:29:12.978] [sharedprocess] [info] Renamed to /home/pablo/.vscode-oss/extensions/ms-vscode.references-view-0.0.89
[2022-05-03 07:29:12.980] [sharedprocess] [info] Renamed to /home/pablo/.vscode-oss/extensions/ms-vscode.js-debug-companion-1.0.18
[2022-05-03 07:29:12.984] [sharedprocess] [info] Extracting completed. ms-vscode.references-view
[2022-05-03 07:29:12.987] [sharedprocess] [info] Extracting completed. ms-vscode.js-debug-companion
[2022-05-03 07:29:13.204] [sharedprocess] [info] Extension installed successfully: ms-vscode.references-view
[2022-05-03 07:29:13.828] [sharedprocess] [info] Extension installed successfully: ms-vscode.js-debug-companion
[2022-05-03 07:32:28.497] [sharedprocess] [info] Getting Manifest... dracula-theme.theme-dracula
[2022-05-03 07:32:28.721] [sharedprocess] [info] Installing extension: dracula-theme.theme-dracula
[2022-05-03 07:32:30.316] [sharedprocess] [info] Downloaded extension: dracula-theme.theme-dracula /home/pablo/.config/Code - OSS/CachedExtensionVSIXs/dracula-theme.theme-dracula-2.24.2
[2022-05-03 07:32:30.344] [sharedprocess] [info] Extracted extension to /home/pablo/.vscode-oss/extensions/.81cc9578-da5c-4199-b21e-f59d17fb1428: dracula-theme.theme-dracula
[2022-05-03 07:32:30.469] [sharedprocess] [info] Renamed to /home/pablo/.vscode-oss/extensions/dracula-theme.theme-dracula-2.24.2
[2022-05-03 07:32:30.472] [sharedprocess] [info] Extracting completed. dracula-theme.theme-dracula
[2022-05-03 07:32:30.475] [sharedprocess] [info] Extension installed successfully: dracula-theme.theme-dracula
