[2022-03-08 11:54:08.997] [info]  [db] Initialized DB client
[2022-03-08 11:54:09.327] [info]  [plugin] Loaded /home/pablo/.config/Insomnia/plugins/insomnia-plugin-theme-dracula
[2022-03-08 11:54:10.638] [info]  [FileSystemDriver] Initialized in "/home/pablo/.config/Insomnia/version-control"
[2022-03-08 11:54:10.644] [info]  [FileSystemDriver] Initialized in "/home/pablo/.config/Insomnia/version-control"
[2022-03-08 11:54:10.645] [info]  [sync] checking for collections which need to be moved into a remote project
[2022-03-08 11:54:10.702] [info]  [ga] Event Activity, Change, debug
[2022-03-08 11:54:10.703] [info]  [ga] Page /debug
[2022-03-08 11:54:15.948] [info]  [ga] Event Activity, Change, home
[2022-03-08 11:54:15.949] [info]  [ga] Page /home
[2022-03-08 11:54:21.251] [info]  [toast] Received notification linux-update-2022.1.0
[2022-03-08 11:54:21.252] [info]  [toast] Not showing notification linux-update-2022.1.0 because has already been seen
[2022-03-08 11:54:23.345] [info]  [ga] Event Modals, Show, PromptModal
[2022-03-08 11:54:25.947] [info]  [toast] Received notification linux-update-2022.1.0
[2022-03-08 11:54:25.947] [info]  [toast] Not showing notification linux-update-2022.1.0 because has already been seen
[2022-03-08 11:54:39.074] [info]  [ga] Event Modals, Show, PromptModal
[2022-03-08 11:54:44.079] [info]  [App] Forcing update from environment change [
  'insert',
  {
    _id: 'env_8c3462bc7fd56736d4c50a85911609d687a3ea6e',
    type: 'Environment',
    parentId: 'wrk_e968004efebd48e69a561f8673ee0327',
    modified: 1646751284049,
    created: 1646751284049,
    name: 'Base Environment',
    data: {},
    dataPropertyOrder: null,
    color: null,
    isPrivate: false,
    metaSortKey: 1646751284049
  },
  false
]
[2022-03-08 11:54:44.091] [info]  [ga] Event Workspace, Create
[2022-03-08 11:54:44.168] [info]  [ga] Event Activity, Change, debug
[2022-03-08 11:54:44.169] [info]  [ga] Page /debug
[2022-03-08 11:54:54.290] [info]  [toast] Received notification linux-update-2022.1.0
[2022-03-08 11:54:54.291] [info]  [toast] Not showing notification linux-update-2022.1.0 because has already been seen
[2022-03-08 11:59:26.478] [info]  [ga] Event Modals, Show, PromptModal
[2022-03-08 12:06:12.982] [info]  [ga] Event Modals, Show, PromptModal
[2022-03-08 12:06:43.940] [info]  [ga] Event Modals, Show, RequestCreateModal
[2022-03-08 12:07:39.570] [info]  [ga] Event Modals, Show, WorkspaceEnvironmentsEditModal
[2022-03-08 12:07:40.291] [info]  [App] Forcing update from environment change [
  'update',
  {
    _id: 'env_8c3462bc7fd56736d4c50a85911609d687a3ea6e',
    type: 'Environment',
    parentId: 'wrk_e968004efebd48e69a561f8673ee0327',
    modified: 1646752060279,
    created: 1646751284049,
    name: 'Base Environment',
    data: {},
    dataPropertyOrder: {},
    color: null,
    isPrivate: false,
    metaSortKey: 1646751284049
  },
  false
]
[2022-03-08 12:07:45.836] [info]  [App] Forcing update from environment change [
  'insert',
  {
    _id: 'env_5a0d752e2ec340b28b0aad82de40ef5d',
    type: 'Environment',
    parentId: 'env_8c3462bc7fd56736d4c50a85911609d687a3ea6e',
    modified: 1646752065815,
    created: 1646752065815,
    name: 'New Environment',
    data: {},
    dataPropertyOrder: null,
    color: null,
    isPrivate: false,
    metaSortKey: 1646752065815
  },
  false
]
[2022-03-08 12:07:46.390] [info]  [App] Forcing update from environment change [
  'update',
  {
    _id: 'env_5a0d752e2ec340b28b0aad82de40ef5d',
    type: 'Environment',
    parentId: 'env_8c3462bc7fd56736d4c50a85911609d687a3ea6e',
    modified: 1646752066375,
    created: 1646752065815,
    name: 'New Environment',
    data: {},
    dataPropertyOrder: {},
    color: null,
    isPrivate: false,
    metaSortKey: 1646752065815
  },
  false
]
[2022-03-08 12:07:48.935] [info]  [App] Forcing update from environment change [
  'update',
  {
    _id: 'env_8c3462bc7fd56736d4c50a85911609d687a3ea6e',
    type: 'Environment',
    parentId: 'wrk_e968004efebd48e69a561f8673ee0327',
    modified: 1646752068917,
    created: 1646751284049,
    name: 'Base Environment',
    data: {},
    dataPropertyOrder: {},
    color: null,
    isPrivate: false,
    metaSortKey: 1646751284049
  },
  false
]
